<?xml version="1.0" encoding="UTF-8"?>
<!-- Generated by org.testng.reporters.JUnitXMLReporter -->
<testsuite ignored="4" hostname="LAPTOP-Q7SB5MFU" failures="0" tests="3" name="Test Runner 2" time="7.613" errors="0" timestamp="2023-09-20T10:02:45 IST">
  <testcase classname="com.TestNG.Test2" name="trial" time="0.002"/>
  <testcase classname="com.TestNG.Test1" name="sample" time="0.001"/>
  <testcase classname="com.TestNG.Test0" name="demo" time="0.006"/>
  <testcase classname="com.hrm.genericUtils.BaseClass" name="@BeforeSuite configBS" time="0.0">
    <ignored/>
  </testcase> <!-- @BeforeSuite configBS -->
  <testcase classname="com.hrm.genericUtils.BaseClass" name="@AfterSuite configAS" time="0.0">
    <ignored/>
  </testcase> <!-- @AfterSuite configAS -->
  <testcase classname="com.hrm.genericUtils.BaseClass" name="@AfterSuite configAS" time="0.0">
    <ignored/>
  </testcase> <!-- @AfterSuite configAS -->
  <testcase classname="com.hrm.genericUtils.BaseClass" name="@BeforeSuite configBS" time="0.0">
    <ignored/>
  </testcase> <!-- @BeforeSuite configBS -->
</testsuite> <!-- Test Runner 2 -->
